<?xml version="1.0" encoding="utf-8"?><testsuites name="pytest tests"><testsuite name="pytest" errors="0" failures="1" skipped="0" tests="7" time="1.973" timestamp="2026-07-01T09:32:21.807892+00:00" hostname="agent-env-0f3de145-3291-46be-b4cb-bf0b2925d9f1"><testcase classname="backend.tests.test_contact_api.TestHealth" name="test_health_ok" time="0.254" /><testcase classname="backend.tests.test_contact_api.TestContactSuccess" name="test_contact_valid_payload_returns_id" time="0.406" /><testcase classname="backend.tests.test_contact_api.TestContactValidation" name="test_invalid_email_returns_422" time="0.128" /><testcase classname="backend.tests.test_contact_api.TestContactValidation" name="test_empty_message_returns_422" time="0.096" /><testcase classname="backend.tests.test_contact_api.TestContactValidation" name="test_empty_name_returns_422" time="0.130" /><testcase classname="backend.tests.test_contact_api.TestContactHoneypot" name="test_honeypot_filled_returns_silent_ok_without_id" time="0.092" /><testcase classname="backend.tests.test_contact_api.TestContactRateLimit" name="test_rate_limit_5_per_minute" time="0.779"><failure message="AssertionError: Expected rate limit 429 in burst, got codes: [200, 200, 200, 200, 200, 200, 200]&#10;assert 429 in [200, 200, 200, 200, 200, 200, ...]">backend/tests/test_contact_api.py:109: in test_rate_limit_5_per_minute
    assert 429 in codes, f"Expected rate limit 429 in burst, got codes: {codes}"
E   AssertionError: Expected rate limit 429 in burst, got codes: [200, 200, 200, 200, 200, 200, 200]
E   assert 429 in [200, 200, 200, 200, 200, 200, ...]</failure></testcase></testsuite></testsuites>